#
# There is insufficient memory for the Java Runtime Environment to continue.
# Native memory allocation (malloc) failed to allocate 611792 bytes. Error detail: Chunk::new
# Possible reasons:
#   The system is out of physical RAM or swap space
#   This process is running with CompressedOops enabled, and the Java Heap may be blocking the growth of the native heap
# Possible solutions:
#   Reduce memory load on the system
#   Increase physical memory or swap space
#   Check if swap backing store is full
#   Decrease Java heap size (-Xmx/-Xms)
#   Decrease number of Java threads
#   Decrease Java thread stack sizes (-Xss)
#   Set larger code cache with -XX:ReservedCodeCacheSize=
#   JVM is running with Unscaled Compressed Oops mode in which the Java heap is
#     placed in the first 4GB address space. The Java Heap base address is the
#     maximum limit for the native heap growth. Please use -XX:HeapBaseMinAddress
#     to set the Java Heap base and to place the Java Heap above 4GB virtual address.
# This output file may be truncated or incomplete.
#
#  Out of Memory Error (arena.cpp:191), pid=6480, tid=23224
#
# JRE version: OpenJDK Runtime Environment Temurin-17.0.18+8 (17.0.18+8) (build 17.0.18+8)
# Java VM: OpenJDK 64-Bit Server VM Temurin-17.0.18+8 (17.0.18+8, mixed mode, sharing, tiered, compressed oops, compressed class ptrs, g1 gc, windows-amd64)
# No core dump will be written. Minidumps are not enabled by default on client versions of Windows
#

---------------  S U M M A R Y ------------

Command Line: -javaagent:C:\Program Files\JetBrains\IntelliJ IDEA Community Edition 2021.3.2\lib\idea_rt.jar=51968:C:\Program Files\JetBrains\IntelliJ IDEA Community Edition 2021.3.2\bin -Dfile.encoding=UTF-8 com.webproj.ecom.proj.Application

Host: AMD Ryzen 5 5500U with Radeon Graphics         , 12 cores, 5G,  Windows 11 , 64 bit Build 26100 (10.0.26100.7920)
Time: Sat Mar 28 12:30:14 2026 India Standard Time elapsed time: 18.364571 seconds (0d 0h 0m 18s)

---------------  T H R E A D  ---------------

Current thread (0x0000025dfe0fc7c0):  JavaThread "C2 CompilerThread0" daemon [_thread_in_native, id=23224, stack(0x00000087df300000,0x00000087df400000)]


Current CompileTask:
C2:18372 3656       4       org.springframework.beans.factory.support.AbstractAutowireCapableBeanFactory::predictBeanType (128 bytes)

Stack: [0x00000087df300000,0x00000087df400000]
Native frames: (J=compiled Java code, j=interpreted, Vv=VM code, C=native code)
V  [jvm.dll+0x6846f9]
V  [jvm.dll+0x839ea5]
V  [jvm.dll+0x83b91e]
V  [jvm.dll+0x83bfa3]
V  [jvm.dll+0x248eff]
V  [jvm.dll+0xad496]
V  [jvm.dll+0xadb3c]
V  [jvm.dll+0x368c1e]
V  [jvm.dll+0x333055]
V  [jvm.dll+0x3324ba]
V  [jvm.dll+0x219db9]
V  [jvm.dll+0x219200]
V  [jvm.dll+0x1a4920]
V  [jvm.dll+0x22989a]
V  [jvm.dll+0x227a4b]
V  [jvm.dll+0x7f0658]
V  [jvm.dll+0x7eaaec]
V  [jvm.dll+0x6835c7]
C  [ucrtbase.dll+0x37b0]
C  [KERNEL32.DLL+0x2e8d7]
C  [ntdll.dll+0x8c48c]


---------------  P R O C E S S  ---------------

Threads class SMR info:
_java_thread_list=0x0000025dff74ebb0, length=17, elements={
0x0000025deded01f0, 0x0000025dfe0e0030, 0x0000025dfe0e1390, 0x0000025dfe0f5980,
0x0000025dfe0f6340, 0x0000025dfe0f7d10, 0x0000025dfe0f8e70, 0x0000025dfe0fc7c0,
0x0000025dfe0fd270, 0x0000025dfe0fdc70, 0x0000025dfe0ca770, 0x0000025dfe421e70,
0x0000025dfe422350, 0x0000025dfed16720, 0x0000025dfe899d00, 0x0000025dd404c540,
0x0000025dd404b550
}

Java Threads: ( => current thread )
  0x0000025deded01f0 JavaThread "main" [_thread_blocked, id=13468, stack(0x00000087de600000,0x00000087de700000)]
  0x0000025dfe0e0030 JavaThread "Reference Handler" daemon [_thread_blocked, id=19888, stack(0x00000087ded00000,0x00000087dee00000)]
  0x0000025dfe0e1390 JavaThread "Finalizer" daemon [_thread_blocked, id=16924, stack(0x00000087dee00000,0x00000087def00000)]
  0x0000025dfe0f5980 JavaThread "Signal Dispatcher" daemon [_thread_blocked, id=19716, stack(0x00000087def00000,0x00000087df000000)]
  0x0000025dfe0f6340 JavaThread "Attach Listener" daemon [_thread_blocked, id=26488, stack(0x00000087df000000,0x00000087df100000)]
  0x0000025dfe0f7d10 JavaThread "Service Thread" daemon [_thread_blocked, id=20348, stack(0x00000087df100000,0x00000087df200000)]
  0x0000025dfe0f8e70 JavaThread "Monitor Deflation Thread" daemon [_thread_blocked, id=19212, stack(0x00000087df200000,0x00000087df300000)]
=>0x0000025dfe0fc7c0 JavaThread "C2 CompilerThread0" daemon [_thread_in_native, id=23224, stack(0x00000087df300000,0x00000087df400000)]
  0x0000025dfe0fd270 JavaThread "C1 CompilerThread0" daemon [_thread_blocked, id=13604, stack(0x00000087df400000,0x00000087df500000)]
  0x0000025dfe0fdc70 JavaThread "Sweeper thread" daemon [_thread_blocked, id=23576, stack(0x00000087df500000,0x00000087df600000)]
  0x0000025dfe0ca770 JavaThread "Common-Cleaner" daemon [_thread_blocked, id=11324, stack(0x00000087df600000,0x00000087df700000)]
  0x0000025dfe421e70 JavaThread "Monitor Ctrl-Break" daemon [_thread_in_native, id=11164, stack(0x00000087df700000,0x00000087df800000)]
  0x0000025dfe422350 JavaThread "Notification Thread" daemon [_thread_blocked, id=20292, stack(0x00000087df800000,0x00000087df900000)]
  0x0000025dfed16720 JavaThread "Thread-0" [_thread_blocked, id=15900, stack(0x00000087dfa00000,0x00000087dfb00000)]
  0x0000025dfe899d00 JavaThread "restartedMain" [_thread_in_native, id=13228, stack(0x00000087dfb00000,0x00000087dfc00000)]
  0x0000025dd404c540 JavaThread "C2 CompilerThread1" daemon [_thread_in_native, id=19772, stack(0x00000087e0700000,0x00000087e0800000)]
  0x0000025dd404b550 JavaThread "C2 CompilerThread2" daemon [_thread_in_native, id=14476, stack(0x00000087e0800000,0x00000087e0900000)]

Other Threads:
  0x0000025dfe0d9f50 VMThread "VM Thread" [stack: 0x00000087dec00000,0x00000087ded00000] [id=16444]
  0x0000025dfe737b20 WatcherThread [stack: 0x00000087df900000,0x00000087dfa00000] [id=26436]
  0x0000025dedf1e300 GCTaskThread "GC Thread#0" [stack: 0x00000087de700000,0x00000087de800000] [id=24948]
  0x0000025dfe5de400 GCTaskThread "GC Thread#1" [stack: 0x00000087dfc00000,0x00000087dfd00000] [id=2880]
  0x0000025dfe5def00 GCTaskThread "GC Thread#2" [stack: 0x00000087dfd00000,0x00000087dfe00000] [id=21008]
  0x0000025dfe5de6c0 GCTaskThread "GC Thread#3" [stack: 0x00000087dfe00000,0x00000087dff00000] [id=22072]
  0x0000025dfe5dec40 GCTaskThread "GC Thread#4" [stack: 0x00000087dff00000,0x00000087e0000000] [id=5028]
  0x0000025dfe5df480 GCTaskThread "GC Thread#5" [stack: 0x00000087e0000000,0x00000087e0100000] [id=14900]
  0x0000025dfe5de980 GCTaskThread "GC Thread#6" [stack: 0x00000087e0100000,0x00000087e0200000] [id=23176]
  0x0000025dfe5df1c0 GCTaskThread "GC Thread#7" [stack: 0x00000087e0200000,0x00000087e0300000] [id=10724]
  0x0000025dff5ac260 GCTaskThread "GC Thread#8" [stack: 0x00000087e0400000,0x00000087e0500000] [id=20416]
  0x0000025dff5ad860 GCTaskThread "GC Thread#9" [stack: 0x00000087e0500000,0x00000087e0600000] [id=26872]
  0x0000025dedf2ad90 ConcurrentGCThread "G1 Main Marker" [stack: 0x00000087de800000,0x00000087de900000] [id=21620]
  0x0000025dedf2d150 ConcurrentGCThread "G1 Conc#0" [stack: 0x00000087de900000,0x00000087dea00000] [id=27312]
  0x0000025dff5ac7e0 ConcurrentGCThread "G1 Conc#1" [stack: 0x00000087e0300000,0x00000087e0400000] [id=24560]
  0x0000025dff5acaa0 ConcurrentGCThread "G1 Conc#2" [stack: 0x00000087e0600000,0x00000087e0700000] [id=21608]
  0x0000025dfdf924c0 ConcurrentGCThread "G1 Refine#0" [stack: 0x00000087dea00000,0x00000087deb00000] [id=24960]
  0x0000025dedf7c230 ConcurrentGCThread "G1 Service" [stack: 0x00000087deb00000,0x00000087dec00000] [id=19724]

Threads with active compile tasks:
C2 CompilerThread0  18583 3656       4       org.springframework.beans.factory.support.AbstractAutowireCapableBeanFactory::predictBeanType (128 bytes)
C2 CompilerThread1  18583 3657       4       org.springframework.beans.factory.support.AbstractBeanFactory::isTypeMatch (745 bytes)
C2 CompilerThread2  18583 3668   !   4       java.util.WeakHashMap::expungeStaleEntries (139 bytes)

VM state: not at safepoint (normal execution)

VM Mutex/Monitor currently owned by a thread: None

Heap address: 0x00000000a2600000, size: 1498 MB, Compressed Oops mode: 32-bit

CDS archive(s) mapped at: [0x0000025d8f000000-0x0000025d8fbb0000-0x0000025d8fbb0000), size 12255232, SharedBaseAddress: 0x0000025d8f000000, ArchiveRelocationMode: 1.
Compressed class space mapped at: 0x0000025d90000000-0x0000025dd0000000, reserved size: 1073741824
Narrow klass base: 0x0000025d8f000000, Narrow klass shift: 0, Narrow klass range: 0x100000000

GC Precious Log:
 CPUs: 12 total, 12 available
 Memory: 5989M
 Large Page Support: Disabled
 NUMA Support: Disabled
 Compressed Oops: Enabled (32-bit)
 Heap Region Size: 1M
 Heap Min Capacity: 8M
 Heap Initial Capacity: 94M
 Heap Max Capacity: 1498M
 Pre-touch: Disabled
 Parallel Workers: 10
 Concurrent Workers: 3
 Concurrent Refinement Workers: 10
 Periodic GC: Disabled

Heap:
 garbage-first heap   total 55296K, used 41627K [0x00000000a2600000, 0x0000000100000000)
  region size 1024K, 28 young (28672K), 1 survivors (1024K)
 Metaspace       used 25330K, committed 25728K, reserved 1114112K
  class space    used 3261K, committed 3456K, reserved 1048576K

Heap Regions: E=young(eden), S=young(survivor), O=old, HS=humongous(starts), HC=humongous(continues), CS=collection set, F=free, OA=open archive, CA=closed archive, TAMS=top-at-mark-start (previous, next)
|   0|0x00000000a2600000, 0x00000000a2700000, 0x00000000a2700000|100%|HS|  |TAMS 0x00000000a2700000, 0x00000000a2600000| Complete 
|   1|0x00000000a2700000, 0x00000000a2800000, 0x00000000a2800000|100%|HS|  |TAMS 0x00000000a2800000, 0x00000000a2700000| Complete 
|   2|0x00000000a2800000, 0x00000000a2900000, 0x00000000a2900000|100%| O|  |TAMS 0x00000000a2900000, 0x00000000a2800000| Untracked 
|   3|0x00000000a2900000, 0x00000000a2a00000, 0x00000000a2a00000|100%| O|  |TAMS 0x00000000a2a00000, 0x00000000a2900000| Untracked 
|   4|0x00000000a2a00000, 0x00000000a2b00000, 0x00000000a2b00000|100%| O|  |TAMS 0x00000000a2b00000, 0x00000000a2a00000| Untracked 
|   5|0x00000000a2b00000, 0x00000000a2c00000, 0x00000000a2c00000|100%| O|  |TAMS 0x00000000a2c00000, 0x00000000a2b00000| Untracked 
|   6|0x00000000a2c00000, 0x00000000a2d00000, 0x00000000a2d00000|100%| O|  |TAMS 0x00000000a2d00000, 0x00000000a2c00000| Untracked 
|   7|0x00000000a2d00000, 0x00000000a2e00000, 0x00000000a2e00000|100%| O|  |TAMS 0x00000000a2dd0a00, 0x00000000a2d00000| Untracked 
|   8|0x00000000a2e00000, 0x00000000a2f00000, 0x00000000a2f00000|100%| O|  |TAMS 0x00000000a2e00000, 0x00000000a2e00000| Untracked 
|   9|0x00000000a2f00000, 0x00000000a3000000, 0x00000000a3000000|100%| O|  |TAMS 0x00000000a2f00000, 0x00000000a2f00000| Untracked 
|  10|0x00000000a3000000, 0x00000000a3100000, 0x00000000a3100000|100%| O|  |TAMS 0x00000000a3000000, 0x00000000a3000000| Untracked 
|  11|0x00000000a3100000, 0x00000000a3200000, 0x00000000a3200000|100%| O|  |TAMS 0x00000000a3100000, 0x00000000a3100000| Untracked 
|  12|0x00000000a3200000, 0x00000000a3300000, 0x00000000a3300000|100%| O|  |TAMS 0x00000000a3200000, 0x00000000a3200000| Untracked 
|  13|0x00000000a3300000, 0x00000000a33afa00, 0x00000000a3400000| 68%| O|  |TAMS 0x00000000a3300000, 0x00000000a3300000| Untracked 
|  14|0x00000000a3400000, 0x00000000a3400000, 0x00000000a3500000|  0%| F|  |TAMS 0x00000000a3400000, 0x00000000a3400000| Untracked 
|  15|0x00000000a3500000, 0x00000000a3500000, 0x00000000a3600000|  0%| F|  |TAMS 0x00000000a3500000, 0x00000000a3500000| Untracked 
|  16|0x00000000a3600000, 0x00000000a3600000, 0x00000000a3700000|  0%| F|  |TAMS 0x00000000a3600000, 0x00000000a3600000| Untracked 
|  17|0x00000000a3700000, 0x00000000a3700000, 0x00000000a3800000|  0%| F|  |TAMS 0x00000000a3700000, 0x00000000a3700000| Untracked 
|  18|0x00000000a3800000, 0x00000000a3800000, 0x00000000a3900000|  0%| F|  |TAMS 0x00000000a3800000, 0x00000000a3800000| Untracked 
|  19|0x00000000a3900000, 0x00000000a3900000, 0x00000000a3a00000|  0%| F|  |TAMS 0x00000000a3900000, 0x00000000a3900000| Untracked 
|  20|0x00000000a3a00000, 0x00000000a3a00000, 0x00000000a3b00000|  0%| F|  |TAMS 0x00000000a3a00000, 0x00000000a3a00000| Untracked 
|  21|0x00000000a3b00000, 0x00000000a3b00000, 0x00000000a3c00000|  0%| F|  |TAMS 0x00000000a3b00000, 0x00000000a3b00000| Untracked 
|  22|0x00000000a3c00000, 0x00000000a3c00000, 0x00000000a3d00000|  0%| F|  |TAMS 0x00000000a3c00000, 0x00000000a3c00000| Untracked 
|  23|0x00000000a3d00000, 0x00000000a3d00000, 0x00000000a3e00000|  0%| F|  |TAMS 0x00000000a3d00000, 0x00000000a3d00000| Untracked 
|  24|0x00000000a3e00000, 0x00000000a3e00000, 0x00000000a3f00000|  0%| F|  |TAMS 0x00000000a3e00000, 0x00000000a3e00000| Untracked 
|  25|0x00000000a3f00000, 0x00000000a3f00000, 0x00000000a4000000|  0%| F|  |TAMS 0x00000000a3f00000, 0x00000000a3f00000| Untracked 
|  26|0x00000000a4000000, 0x00000000a4080000, 0x00000000a4100000| 50%| E|  |TAMS 0x00000000a4000000, 0x00000000a4000000| Complete 
|  27|0x00000000a4100000, 0x00000000a4200000, 0x00000000a4200000|100%| E|CS|TAMS 0x00000000a4100000, 0x00000000a4100000| Complete 
|  28|0x00000000a4200000, 0x00000000a4300000, 0x00000000a4300000|100%| E|CS|TAMS 0x00000000a4200000, 0x00000000a4200000| Complete 
|  29|0x00000000a4300000, 0x00000000a4400000, 0x00000000a4400000|100%| E|CS|TAMS 0x00000000a4300000, 0x00000000a4300000| Complete 
|  30|0x00000000a4400000, 0x00000000a4500000, 0x00000000a4500000|100%| E|CS|TAMS 0x00000000a4400000, 0x00000000a4400000| Complete 
|  31|0x00000000a4500000, 0x00000000a4600000, 0x00000000a4600000|100%| E|CS|TAMS 0x00000000a4500000, 0x00000000a4500000| Complete 
|  32|0x00000000a4600000, 0x00000000a4700000, 0x00000000a4700000|100%| E|CS|TAMS 0x00000000a4600000, 0x00000000a4600000| Complete 
|  33|0x00000000a4700000, 0x00000000a4800000, 0x00000000a4800000|100%| E|CS|TAMS 0x00000000a4700000, 0x00000000a4700000| Complete 
|  34|0x00000000a4800000, 0x00000000a4900000, 0x00000000a4900000|100%| E|CS|TAMS 0x00000000a4800000, 0x00000000a4800000| Complete 
|  35|0x00000000a4900000, 0x00000000a4a00000, 0x00000000a4a00000|100%| E|CS|TAMS 0x00000000a4900000, 0x00000000a4900000| Complete 
|  36|0x00000000a4a00000, 0x00000000a4b00000, 0x00000000a4b00000|100%| E|CS|TAMS 0x00000000a4a00000, 0x00000000a4a00000| Complete 
|  37|0x00000000a4b00000, 0x00000000a4c00000, 0x00000000a4c00000|100%| E|CS|TAMS 0x00000000a4b00000, 0x00000000a4b00000| Complete 
|  38|0x00000000a4c00000, 0x00000000a4d00000, 0x00000000a4d00000|100%| E|CS|TAMS 0x00000000a4c00000, 0x00000000a4c00000| Complete 
|  39|0x00000000a4d00000, 0x00000000a4e00000, 0x00000000a4e00000|100%| E|CS|TAMS 0x00000000a4d00000, 0x00000000a4d00000| Complete 
|  40|0x00000000a4e00000, 0x00000000a4f00000, 0x00000000a4f00000|100%| E|CS|TAMS 0x00000000a4e00000, 0x00000000a4e00000| Complete 
|  41|0x00000000a4f00000, 0x00000000a5000000, 0x00000000a5000000|100%| E|CS|TAMS 0x00000000a4f00000, 0x00000000a4f00000| Complete 
|  42|0x00000000a5000000, 0x00000000a5100000, 0x00000000a5100000|100%| E|CS|TAMS 0x00000000a5000000, 0x00000000a5000000| Complete 
|  43|0x00000000a5100000, 0x00000000a5200000, 0x00000000a5200000|100%| E|CS|TAMS 0x00000000a5100000, 0x00000000a5100000| Complete 
|  44|0x00000000a5200000, 0x00000000a5300000, 0x00000000a5300000|100%| E|CS|TAMS 0x00000000a5200000, 0x00000000a5200000| Complete 
|  45|0x00000000a5300000, 0x00000000a5400000, 0x00000000a5400000|100%| E|CS|TAMS 0x00000000a5300000, 0x00000000a5300000| Complete 
|  46|0x00000000a5400000, 0x00000000a5500000, 0x00000000a5500000|100%| E|CS|TAMS 0x00000000a5400000, 0x00000000a5400000| Complete 
|  47|0x00000000a5500000, 0x00000000a5600000, 0x00000000a5600000|100%| E|CS|TAMS 0x00000000a5500000, 0x00000000a5500000| Complete 
|  48|0x00000000a5600000, 0x00000000a5700000, 0x00000000a5700000|100%| E|CS|TAMS 0x00000000a5600000, 0x00000000a5600000| Complete 
|  49|0x00000000a5700000, 0x00000000a5800000, 0x00000000a5800000|100%| E|CS|TAMS 0x00000000a5700000, 0x00000000a5700000| Complete 
|  50|0x00000000a5800000, 0x00000000a5900000, 0x00000000a5900000|100%| E|CS|TAMS 0x00000000a5800000, 0x00000000a5800000| Complete 
|  51|0x00000000a5900000, 0x00000000a5a00000, 0x00000000a5a00000|100%| E|CS|TAMS 0x00000000a5900000, 0x00000000a5900000| Complete 
|  88|0x00000000a7e00000, 0x00000000a7ef7350, 0x00000000a7f00000| 96%| S|CS|TAMS 0x00000000a7e00000, 0x00000000a7e00000| Complete 
|  93|0x00000000a8300000, 0x00000000a8400000, 0x00000000a8400000|100%| E|CS|TAMS 0x00000000a8300000, 0x00000000a8300000| Complete 

Card table byte_map: [0x0000025df7f80000,0x0000025df8270000] _byte_map_base: 0x0000025df7a6d000

Marking Bits (Prev, Next): (CMBitMap*) 0x0000025dedf1e960, (CMBitMap*) 0x0000025dedf1e920
 Prev Bits: [0x0000025df9cd0000, 0x0000025dfb438000)
 Next Bits: [0x0000025df8560000, 0x0000025df9cc8000)

Polling page: 0x0000025ded9e0000

Metaspace:

Usage:
  Non-class:     21.56 MB used.
      Class:      3.19 MB used.
       Both:     24.75 MB used.

Virtual space:
  Non-class space:       64.00 MB reserved,      21.81 MB ( 34%) committed,  1 nodes.
      Class space:        1.00 GB reserved,       3.38 MB ( <1%) committed,  1 nodes.
             Both:        1.06 GB reserved,      25.19 MB (  2%) committed. 

Chunk freelists:
   Non-Class:  10.11 MB
       Class:  12.45 MB
        Both:  22.56 MB

MaxMetaspaceSize: unlimited
CompressedClassSpaceSize: 1.00 GB
Initial GC threshold: 21.00 MB
Current GC threshold: 35.12 MB
CDS: on
MetaspaceReclaimPolicy: balanced
 - commit_granule_bytes: 65536.
 - commit_granule_words: 8192.
 - virtual_space_node_default_size: 8388608.
 - enlarge_chunks_in_place: 1.
 - new_chunks_are_fully_committed: 0.
 - uncommit_free_chunks: 1.
 - use_allocation_guard: 0.
 - handle_deallocations: 1.


Internal statistics:

num_allocs_failed_limit: 3.
num_arena_births: 450.
num_arena_deaths: 0.
num_vsnodes_births: 2.
num_vsnodes_deaths: 0.
num_space_committed: 403.
num_space_uncommitted: 0.
num_chunks_returned_to_freelist: 3.
num_chunks_taken_from_freelist: 1388.
num_chunk_merges: 3.
num_chunk_splits: 938.
num_chunks_enlarged: 680.
num_inconsistent_stats: 0.

CodeHeap 'non-profiled nmethods': size=120000Kb used=1679Kb max_used=1679Kb free=118320Kb
 bounds [0x0000025d87ad0000, 0x0000025d87d40000, 0x0000025d8f000000]
CodeHeap 'profiled nmethods': size=120000Kb used=8001Kb max_used=8001Kb free=111998Kb
 bounds [0x0000025d80000000, 0x0000025d807e0000, 0x0000025d87530000]
CodeHeap 'non-nmethods': size=5760Kb used=1212Kb max_used=1251Kb free=4548Kb
 bounds [0x0000025d87530000, 0x0000025d877a0000, 0x0000025d87ad0000]
 total_blobs=4179 nmethods=3662 adapters=428
 compilation: enabled
              stopped_count=0, restarted_count=0
 full_count=0

Compilation events (20 events):
Event: 15.157 Thread 0x0000025dfe0fc7c0 nmethod 3642 0x0000025d87c71d90 code [0x0000025d87c71f00, 0x0000025d87c71f58]
Event: 15.188 Thread 0x0000025dfe0fd270 3652       3       java.lang.Class::getMethods (26 bytes)
Event: 15.188 Thread 0x0000025dfe0fd270 nmethod 3652 0x0000025d807c7790 code [0x0000025d807c7980, 0x0000025d807c7c98]
Event: 15.189 Thread 0x0000025dfe0fc7c0 3653       4       jdk.internal.org.objectweb.asm.MethodWriter::visitLabel (328 bytes)
Event: 15.270 Thread 0x0000025dfe0fd270 3655   !   3       jdk.internal.reflect.GeneratedMethodAccessor1::invoke (63 bytes)
Event: 15.286 Thread 0x0000025dfe0fd270 nmethod 3655 0x0000025d807c7e10 code [0x0000025d807c8040, 0x0000025d807c8758]
Event: 15.435 Thread 0x0000025dfe0fc7c0 nmethod 3653 0x0000025d87c72090 code [0x0000025d87c72240, 0x0000025d87c72f78]
Event: 15.435 Thread 0x0000025dfe0fc7c0 3654       4       jdk.internal.org.objectweb.asm.ByteVector::putShort (52 bytes)
Event: 15.438 Thread 0x0000025dfe0fc7c0 nmethod 3654 0x0000025d87c73390 code [0x0000025d87c73520, 0x0000025d87c736a8]
Event: 15.485 Thread 0x0000025dfe0fc7c0 3656       4       org.springframework.beans.factory.support.AbstractAutowireCapableBeanFactory::predictBeanType (128 bytes)
Event: 15.488 Thread 0x0000025dfe0fd270 3658       3       sun.reflect.generics.parser.SignatureParser::parseTypeArguments (109 bytes)
Event: 15.492 Thread 0x0000025dfe0fd270 nmethod 3658 0x0000025d807c8a90 code [0x0000025d807c8d60, 0x0000025d807c9cc8]
Event: 15.612 Thread 0x0000025dfe0fd270 3659       3       org.springframework.core.annotation.MergedAnnotations::from (8 bytes)
Event: 15.624 Thread 0x0000025dfe0fd270 nmethod 3659 0x0000025d807ca190 code [0x0000025d807ca360, 0x0000025d807ca5c8]
Event: 15.624 Thread 0x0000025dfe0fd270 3661       3       org.springframework.util.ConcurrentReferenceHashMap::getReference (18 bytes)
Event: 15.625 Thread 0x0000025dfe0fd270 nmethod 3661 0x0000025d807ca710 code [0x0000025d807ca8e0, 0x0000025d807cab18]
Event: 15.625 Thread 0x0000025dfe0fd270 3662       3       org.springframework.util.ConcurrentReferenceHashMap$Segment::getReference (55 bytes)
Event: 15.625 Thread 0x0000025dfe0fd270 nmethod 3662 0x0000025d807cac90 code [0x0000025d807cae60, 0x0000025d807cb158]
Event: 15.625 Thread 0x0000025dfe0fd270 3660       1       org.springframework.util.ConcurrentReferenceHashMap$Entry::getKey (5 bytes)
Event: 15.625 Thread 0x0000025dfe0fd270 nmethod 3660 0x0000025d87c73810 code [0x0000025d87c739a0, 0x0000025d87c73a78]

GC Heap History (8 events):
Event: 1.850 GC heap before
{Heap before GC invocations=0 (full 0):
 garbage-first heap   total 96256K, used 25600K [0x00000000a2600000, 0x0000000100000000)
  region size 1024K, 23 young (23552K), 0 survivors (0K)
 Metaspace       used 5296K, committed 5440K, reserved 1114112K
  class space    used 595K, committed 640K, reserved 1048576K
}
Event: 1.856 GC heap after
{Heap after GC invocations=1 (full 0):
 garbage-first heap   total 96256K, used 7879K [0x00000000a2600000, 0x0000000100000000)
  region size 1024K, 3 young (3072K), 3 survivors (3072K)
 Metaspace       used 5296K, committed 5440K, reserved 1114112K
  class space    used 595K, committed 640K, reserved 1048576K
}
Event: 3.664 GC heap before
{Heap before GC invocations=1 (full 0):
 garbage-first heap   total 96256K, used 36551K [0x00000000a2600000, 0x0000000100000000)
  region size 1024K, 31 young (31744K), 3 survivors (3072K)
 Metaspace       used 12612K, committed 12992K, reserved 1114112K
  class space    used 1548K, committed 1728K, reserved 1048576K
}
Event: 3.671 GC heap after
{Heap after GC invocations=2 (full 0):
 garbage-first heap   total 96256K, used 10784K [0x00000000a2600000, 0x0000000100000000)
  region size 1024K, 3 young (3072K), 3 survivors (3072K)
 Metaspace       used 12612K, committed 12992K, reserved 1114112K
  class space    used 1548K, committed 1728K, reserved 1048576K
}
Event: 6.975 GC heap before
{Heap before GC invocations=2 (full 0):
 garbage-first heap   total 96256K, used 56864K [0x00000000a2600000, 0x0000000100000000)
  region size 1024K, 49 young (50176K), 3 survivors (3072K)
 Metaspace       used 20348K, committed 20736K, reserved 1114112K
  class space    used 2543K, committed 2688K, reserved 1048576K
}
Event: 7.008 GC heap after
{Heap after GC invocations=3 (full 0):
 garbage-first heap   total 96256K, used 14208K [0x00000000a2600000, 0x0000000100000000)
  region size 1024K, 7 young (7168K), 7 survivors (7168K)
 Metaspace       used 20348K, committed 20736K, reserved 1114112K
  class space    used 2543K, committed 2688K, reserved 1048576K
}
Event: 8.009 GC heap before
{Heap before GC invocations=3 (full 0):
 garbage-first heap   total 96256K, used 18304K [0x00000000a2600000, 0x0000000100000000)
  region size 1024K, 12 young (12288K), 7 survivors (7168K)
 Metaspace       used 21163K, committed 21504K, reserved 1114112K
  class space    used 2641K, committed 2816K, reserved 1048576K
}
Event: 8.066 GC heap after
{Heap after GC invocations=4 (full 0):
 garbage-first heap   total 96256K, used 15003K [0x00000000a2600000, 0x0000000100000000)
  region size 1024K, 1 young (1024K), 1 survivors (1024K)
 Metaspace       used 21163K, committed 21504K, reserved 1114112K
  class space    used 2641K, committed 2816K, reserved 1048576K
}

Dll operation events (13 events):
Event: 0.023 Loaded shared library C:\Program Files\Eclipse Adoptium\jdk-17.0.18.8-hotspot\bin\java.dll
Event: 0.069 Loaded shared library C:\Program Files\Eclipse Adoptium\jdk-17.0.18.8-hotspot\bin\jsvml.dll
Event: 0.271 Loaded shared library C:\Program Files\Eclipse Adoptium\jdk-17.0.18.8-hotspot\bin\zip.dll
Event: 0.279 Loaded shared library C:\Program Files\Eclipse Adoptium\jdk-17.0.18.8-hotspot\bin\instrument.dll
Event: 0.289 Loaded shared library C:\Program Files\Eclipse Adoptium\jdk-17.0.18.8-hotspot\bin\net.dll
Event: 0.294 Loaded shared library C:\Program Files\Eclipse Adoptium\jdk-17.0.18.8-hotspot\bin\nio.dll
Event: 0.301 Loaded shared library C:\Program Files\Eclipse Adoptium\jdk-17.0.18.8-hotspot\bin\zip.dll
Event: 0.520 Loaded shared library C:\Program Files\JetBrains\IntelliJ IDEA Community Edition 2021.3.2\bin\breakgen64.dll
Event: 0.544 Loaded shared library C:\Program Files\Eclipse Adoptium\jdk-17.0.18.8-hotspot\bin\extnet.dll
Event: 0.644 Loaded shared library C:\Program Files\Eclipse Adoptium\jdk-17.0.18.8-hotspot\bin\jimage.dll
Event: 1.503 Loaded shared library C:\Program Files\Eclipse Adoptium\jdk-17.0.18.8-hotspot\bin\management.dll
Event: 1.515 Loaded shared library C:\Program Files\Eclipse Adoptium\jdk-17.0.18.8-hotspot\bin\management_ext.dll
Event: 4.215 Loaded shared library C:\Program Files\Eclipse Adoptium\jdk-17.0.18.8-hotspot\bin\sunmscapi.dll

Deoptimization events (20 events):
Event: 14.712 Thread 0x0000025dfe899d00 Uncommon trap: trap_request=0xffffff45 fr.pc=0x0000025d87c1fee0 relative=0x0000000000000580
Event: 14.712 Thread 0x0000025dfe899d00 Uncommon trap: reason=unstable_if action=reinterpret pc=0x0000025d87c1fee0 method=org.springframework.beans.factory.support.DefaultSingletonBeanRegistry.getSingleton(Ljava/lang/String;Z)Ljava/lang/Object; @ 20 c2
Event: 14.712 Thread 0x0000025dfe899d00 DEOPT PACKING pc=0x0000025d87c1fee0 sp=0x00000087dfbfd1a0
Event: 14.712 Thread 0x0000025dfe899d00 DEOPT UNPACKING pc=0x0000025d875869a3 sp=0x00000087dfbfd140 mode 2
Event: 15.612 Thread 0x0000025dfe899d00 Uncommon trap: trap_request=0xffffff45 fr.pc=0x0000025d87bed9e8 relative=0x0000000000000868
Event: 15.613 Thread 0x0000025dfe899d00 Uncommon trap: reason=unstable_if action=reinterpret pc=0x0000025d87bed9e8 method=org.springframework.util.ConcurrentReferenceHashMap$Segment.findInChain(Lorg/springframework/util/ConcurrentReferenceHashMap$Reference;Ljava/lang/Object;I)Lorg/springframewo
Event: 15.614 Thread 0x0000025dfe899d00 DEOPT PACKING pc=0x0000025d87bed9e8 sp=0x00000087dfbfc5b0
Event: 15.615 Thread 0x0000025dfe899d00 DEOPT UNPACKING pc=0x0000025d875869a3 sp=0x00000087dfbfc3e8 mode 2
Event: 15.617 Thread 0x0000025dfe899d00 Uncommon trap: trap_request=0xffffff45 fr.pc=0x0000025d87be6258 relative=0x0000000000000218
Event: 15.617 Thread 0x0000025dfe899d00 Uncommon trap: reason=unstable_if action=reinterpret pc=0x0000025d87be6258 method=org.springframework.util.ConcurrentReferenceHashMap$Segment.findInChain(Lorg/springframework/util/ConcurrentReferenceHashMap$Reference;Ljava/lang/Object;I)Lorg/springframewo
Event: 15.617 Thread 0x0000025dfe899d00 DEOPT PACKING pc=0x0000025d87be6258 sp=0x00000087dfbfc350
Event: 15.617 Thread 0x0000025dfe899d00 DEOPT UNPACKING pc=0x0000025d875869a3 sp=0x00000087dfbfc2f8 mode 2
Event: 15.617 Thread 0x0000025dfe899d00 Uncommon trap: trap_request=0xffffff45 fr.pc=0x0000025d87bf0d60 relative=0x00000000000007e0
Event: 15.617 Thread 0x0000025dfe899d00 Uncommon trap: reason=unstable_if action=reinterpret pc=0x0000025d87bf0d60 method=org.springframework.util.ConcurrentReferenceHashMap$Segment.findInChain(Lorg/springframework/util/ConcurrentReferenceHashMap$Reference;Ljava/lang/Object;I)Lorg/springframewo
Event: 15.617 Thread 0x0000025dfe899d00 DEOPT PACKING pc=0x0000025d87bf0d60 sp=0x00000087dfbfc510
Event: 15.617 Thread 0x0000025dfe899d00 DEOPT UNPACKING pc=0x0000025d875869a3 sp=0x00000087dfbfc3d8 mode 2
Event: 15.617 Thread 0x0000025dfe899d00 Uncommon trap: trap_request=0xffffff45 fr.pc=0x0000025d87bf2218 relative=0x00000000000006b8
Event: 15.617 Thread 0x0000025dfe899d00 Uncommon trap: reason=unstable_if action=reinterpret pc=0x0000025d87bf2218 method=org.springframework.util.ConcurrentReferenceHashMap$Segment.findInChain(Lorg/springframework/util/ConcurrentReferenceHashMap$Reference;Ljava/lang/Object;I)Lorg/springframewo
Event: 15.617 Thread 0x0000025dfe899d00 DEOPT PACKING pc=0x0000025d87bf2218 sp=0x00000087dfbfc490
Event: 15.617 Thread 0x0000025dfe899d00 DEOPT UNPACKING pc=0x0000025d875869a3 sp=0x00000087dfbfc3d8 mode 2

Classes loaded (20 events):
Event: 14.552 Loading class javax/security/auth/Destroyable
Event: 14.554 Loading class javax/security/auth/Destroyable done
Event: 14.554 Loading class java/security/PrivateKey done
Event: 14.554 Loading class java/security/interfaces/RSAPrivateKey done
Event: 14.646 Loading class javax/naming/NameNotFoundException
Event: 14.683 Loading class javax/naming/NameNotFoundException done
Event: 15.287 Loading class java/lang/Class$EnclosingMethodInfo
Event: 15.303 Loading class java/lang/Class$EnclosingMethodInfo done
Event: 15.303 Loading class java/lang/reflect/AnnotatedType
Event: 15.426 Loading class java/lang/reflect/AnnotatedType done
Event: 15.626 Loading class java/io/ObjectInputStream
Event: 15.632 Loading class java/io/ObjectInput
Event: 15.634 Loading class java/io/ObjectInput done
Event: 15.634 Loading class java/io/ObjectStreamConstants
Event: 15.638 Loading class java/io/ObjectStreamConstants done
Event: 15.638 Loading class java/io/ObjectInputStream done
Event: 15.638 Loading class java/io/ObjectOutputStream
Event: 15.640 Loading class java/io/ObjectOutput
Event: 15.642 Loading class java/io/ObjectOutput done
Event: 15.642 Loading class java/io/ObjectOutputStream done

Classes unloaded (0 events):
No events

Classes redefined (0 events):
No events

Internal exceptions (20 events):
Event: 3.983 Thread 0x0000025dfe899d00 Exception <a 'java/lang/NoSuchMethodError'{0x00000000a7779ad8}: 'void java.lang.invoke.DirectMethodHandle$Holder.invokeVirtual(java.lang.Object, java.lang.Object)'> (0x00000000a7779ad8) 
thrown [s\src\hotspot\share\interpreter\linkResolver.cpp, line 759]
Event: 4.039 Thread 0x0000025dff209f30 Exception <a 'java/lang/NoSuchMethodError'{0x00000000a7573578}: 'long java.lang.invoke.DirectMethodHandle$Holder.invokeSpecial(java.lang.Object, java.lang.Object)'> (0x00000000a7573578) 
thrown [s\src\hotspot\share\interpreter\linkResolver.cpp, line 759]
Event: 4.042 Thread 0x0000025dff209f30 Exception <a 'java/lang/NoSuchMethodError'{0x00000000a758aab8}: 'long java.lang.invoke.DirectMethodHandle$Holder.invokeStatic(java.lang.Object, java.lang.Object)'> (0x00000000a758aab8) 
thrown [s\src\hotspot\share\interpreter\linkResolver.cpp, line 759]
Event: 4.042 Thread 0x0000025dff209f30 Exception <a 'java/lang/NoSuchMethodError'{0x00000000a758de10}: 'long java.lang.invoke.DirectMethodHandle$Holder.invokeStaticInit(java.lang.Object, java.lang.Object)'> (0x00000000a758de10) 
thrown [s\src\hotspot\share\interpreter\linkResolver.cpp, line 759]
Event: 4.044 Thread 0x0000025dff209f30 Exception <a 'java/lang/NoSuchMethodError'{0x00000000a759b6d8}: 'long java.lang.invoke.DirectMethodHandle$Holder.invokeInterface(java.lang.Object, java.lang.Object)'> (0x00000000a759b6d8) 
thrown [s\src\hotspot\share\interpreter\linkResolver.cpp, line 759]
Event: 4.045 Thread 0x0000025dff209f30 Exception <a 'java/lang/IncompatibleClassChangeError'{0x00000000a759e9c0}: Found class java.lang.Object, but interface was expected> (0x00000000a759e9c0) 
thrown [s\src\hotspot\share\interpreter\linkResolver.cpp, line 826]
Event: 4.049 Thread 0x0000025dff209f30 Exception <a 'java/lang/NoSuchMethodError'{0x00000000a75b6c20}: 'java.lang.Object java.lang.invoke.DirectMethodHandle$Holder.invokeVirtual(java.lang.Object, java.lang.Object, java.lang.Object, java.lang.Object)'> (0x00000000a75b6c20) 
thrown [s\src\hotspot\share\interpreter\linkResolver.cpp, line 759]
Event: 4.858 Thread 0x0000025dfe899d00 Exception <a 'java/lang/IncompatibleClassChangeError'{0x00000000a6830758}: Found class java.lang.Object, but interface was expected> (0x00000000a6830758) 
thrown [s\src\hotspot\share\interpreter\linkResolver.cpp, line 826]
Event: 11.016 Thread 0x0000025dfe899d00 Exception <a 'java/lang/NoSuchMethodError'{0x00000000a4b32a08}: 'java.lang.Object java.lang.invoke.DirectMethodHandle$Holder.newInvokeSpecial(java.lang.Object, java.lang.Object, java.lang.Object, java.lang.Object, java.lang.Object, java.lang.Object)'> (0x00000000a4b32a08) 
thrown [s\src\hotspot\share\interpreter\linkResolver.cpp, line 759]
Event: 11.079 Thread 0x0000025dfe899d00 Implicit null exception at 0x0000025d87be363d to 0x0000025d87be36f6
Event: 11.909 Thread 0x0000025dfe899d00 Exception <a 'java/lang/NoSuchMethodError'{0x00000000a494ad10}: 'java.lang.Object java.lang.invoke.DirectMethodHandle$Holder.invokeSpecial(java.lang.Object, java.lang.Object, int, java.lang.Object, java.lang.Object)'> (0x00000000a494ad10) 
thrown [s\src\hotspot\share\interpreter\linkResolver.cpp, line 759]
Event: 11.910 Thread 0x0000025dfe899d00 Exception <a 'java/lang/NoSuchMethodError'{0x00000000a494e9b8}: 'java.lang.Object java.lang.invoke.DelegatingMethodHandle$Holder.delegate(java.lang.Object, int, java.lang.Object, java.lang.Object)'> (0x00000000a494e9b8) 
thrown [s\src\hotspot\share\interpreter\linkResolver.cpp, line 759]
Event: 11.916 Thread 0x0000025dfe899d00 Exception <a 'java/lang/NoSuchMethodError'{0x00000000a495f820}: 'int java.lang.invoke.Invokers$Holder.linkToTargetMethod(java.lang.Object, java.lang.Object, java.lang.Object)'> (0x00000000a495f820) 
thrown [s\src\hotspot\share\interpreter\linkResolver.cpp, line 759]
Event: 13.045 Thread 0x0000025dfe899d00 Exception <a 'java/lang/NoClassDefFoundError'{0x00000000a48ebd88}: org/flywaydb/core/Flyway> (0x00000000a48ebd88) 
thrown [s\src\hotspot\share\classfile\systemDictionary.cpp, line 245]
Event: 13.046 Thread 0x0000025dfe899d00 Exception <a 'java/lang/NoClassDefFoundError'{0x00000000a48ed298}: liquibase/integration/spring/SpringLiquibase> (0x00000000a48ed298) 
thrown [s\src\hotspot\share\classfile\systemDictionary.cpp, line 245]
Event: 13.101 Thread 0x0000025dfe899d00 Exception <a 'java/lang/NoClassDefFoundError'{0x00000000a473c118}: org/jooq/DSLContext> (0x00000000a473c118) 
thrown [s\src\hotspot\share\classfile\systemDictionary.cpp, line 245]
Event: 14.394 Thread 0x0000025dfe899d00 Exception <a 'java/lang/NoClassDefFoundError'{0x00000000a4559530}: org/springframework/batch/core/repository/JobRepository> (0x00000000a4559530) 
thrown [s\src\hotspot\share\classfile\systemDictionary.cpp, line 245]
Event: 14.395 Thread 0x0000025dfe899d00 Exception <a 'java/lang/NoClassDefFoundError'{0x00000000a455a7b8}: org/quartz/Scheduler> (0x00000000a455a7b8) 
thrown [s\src\hotspot\share\classfile\systemDictionary.cpp, line 245]
Event: 14.395 Thread 0x0000025dfe899d00 Exception <a 'java/lang/NoClassDefFoundError'{0x00000000a455be38}: org/springframework/session/jdbc/JdbcIndexedSessionRepository> (0x00000000a455be38) 
thrown [s\src\hotspot\share\classfile\systemDictionary.cpp, line 245]
Event: 14.924 Thread 0x0000025dfe899d00 Exception <a 'java/lang/NoSuchMethodError'{0x00000000a44c8b28}: 'void java.lang.invoke.DirectMethodHandle$Holder.invokeSpecial(java.lang.Object, java.lang.Object, java.lang.Object, java.lang.Object, java.lang.Object, java.lang.Object)'> (0x00000000a44c8b28) 
thrown [s\src\hotspot\share\interpreter\linkResolver.cpp, line 759]

VM Operations (20 events):
Event: 9.378 Executing VM operation: ICBufferFull
Event: 9.385 Executing VM operation: ICBufferFull done
Event: 9.471 Executing VM operation: HandshakeAllThreads
Event: 9.471 Executing VM operation: HandshakeAllThreads done
Event: 9.868 Executing VM operation: HandshakeAllThreads
Event: 9.868 Executing VM operation: HandshakeAllThreads done
Event: 10.877 Executing VM operation: Cleanup
Event: 10.892 Executing VM operation: Cleanup done
Event: 11.564 Executing VM operation: HandshakeAllThreads
Event: 11.578 Executing VM operation: HandshakeAllThreads done
Event: 12.586 Executing VM operation: Cleanup
Event: 12.589 Executing VM operation: Cleanup done
Event: 12.987 Executing VM operation: HandshakeAllThreads
Event: 12.996 Executing VM operation: HandshakeAllThreads done
Event: 14.119 Executing VM operation: Cleanup
Event: 14.123 Executing VM operation: Cleanup done
Event: 15.004 Executing VM operation: HandshakeAllThreads
Event: 15.004 Executing VM operation: HandshakeAllThreads done
Event: 16.009 Executing VM operation: Cleanup
Event: 16.010 Executing VM operation: Cleanup done

Memory protections (0 events):
No events

Nmethod flushes (0 events):
No events

Events (19 events):
Event: 0.069 Thread 0x0000025deded01f0 Thread added: 0x0000025deded01f0
Event: 0.074 Thread 0x0000025deded01f0 Thread added: 0x0000025dfe0e0030
Event: 0.075 Thread 0x0000025deded01f0 Thread added: 0x0000025dfe0e1390
Event: 0.091 Thread 0x0000025deded01f0 Thread added: 0x0000025dfe0f5980
Event: 0.091 Thread 0x0000025deded01f0 Thread added: 0x0000025dfe0f6340
Event: 0.091 Thread 0x0000025deded01f0 Thread added: 0x0000025dfe0f7d10
Event: 0.092 Thread 0x0000025deded01f0 Thread added: 0x0000025dfe0f8e70
Event: 0.092 Thread 0x0000025deded01f0 Thread added: 0x0000025dfe0fc7c0
Event: 0.092 Thread 0x0000025deded01f0 Thread added: 0x0000025dfe0fd270
Event: 0.092 Thread 0x0000025deded01f0 Thread added: 0x0000025dfe0fdc70
Event: 0.221 Thread 0x0000025deded01f0 Thread added: 0x0000025dfe0ca770
Event: 0.521 Thread 0x0000025deded01f0 Thread added: 0x0000025dfe421e70
Event: 0.521 Thread 0x0000025deded01f0 Thread added: 0x0000025dfe422350
Event: 1.610 Thread 0x0000025deded01f0 Thread added: 0x0000025dfed16720
Event: 1.619 Thread 0x0000025dfed16720 Thread added: 0x0000025dfe899d00
Event: 3.346 Thread 0x0000025dfe899d00 Thread added: 0x0000025dff209f30
Event: 4.263 Thread 0x0000025dff209f30 Thread exited: 0x0000025dff209f30
Event: 4.445 Thread 0x0000025dfe899d00 Thread added: 0x0000025dff219400
Event: 4.813 Thread 0x0000025dff219400 Thread exited: 0x0000025dff219400


Dynamic libraries:
0x00007ff75d9a0000 - 0x00007ff75d9ae000 	C:\Program Files\Eclipse Adoptium\jdk-17.0.18.8-hotspot\bin\java.exe
0x00007ffd3e4e0000 - 0x00007ffd3e747000 	C:\WINDOWS\SYSTEM32\ntdll.dll
0x00007ffd3d0c0000 - 0x00007ffd3d189000 	C:\WINDOWS\System32\KERNEL32.DLL
0x00007ffd3adc0000 - 0x00007ffd3b1b1000 	C:\WINDOWS\System32\KERNELBASE.dll
0x00007ffd3bba0000 - 0x00007ffd3bceb000 	C:\WINDOWS\System32\ucrtbase.dll
0x00007ffd05180000 - 0x00007ffd0519e000 	C:\Program Files\Eclipse Adoptium\jdk-17.0.18.8-hotspot\bin\VCRUNTIME140.dll
0x00007ffd1bd70000 - 0x00007ffd1bd88000 	C:\Program Files\Eclipse Adoptium\jdk-17.0.18.8-hotspot\bin\jli.dll
0x00007ffd3d460000 - 0x00007ffd3d625000 	C:\WINDOWS\System32\USER32.dll
0x00007ffd3be30000 - 0x00007ffd3be57000 	C:\WINDOWS\System32\win32u.dll
0x00007ffd3e470000 - 0x00007ffd3e49b000 	C:\WINDOWS\System32\GDI32.dll
0x00007ffd3c150000 - 0x00007ffd3c27b000 	C:\WINDOWS\System32\gdi32full.dll
0x00007ffd3baf0000 - 0x00007ffd3bb93000 	C:\WINDOWS\System32\msvcp_win.dll
0x00007ffd296b0000 - 0x00007ffd29943000 	C:\WINDOWS\WinSxS\amd64_microsoft.windows.common-controls_6595b64144ccf1df_6.0.26100.8037_none_3e092faae333b53b\COMCTL32.dll
0x00007ffd3d3b0000 - 0x00007ffd3d459000 	C:\WINDOWS\System32\msvcrt.dll
0x00007ffd3d210000 - 0x00007ffd3d241000 	C:\WINDOWS\System32\IMM32.DLL
0x00007ffd214e0000 - 0x00007ffd214ec000 	C:\Program Files\Eclipse Adoptium\jdk-17.0.18.8-hotspot\bin\vcruntime140_1.dll
0x00007ffc9cdd0000 - 0x00007ffc9ce5d000 	C:\Program Files\Eclipse Adoptium\jdk-17.0.18.8-hotspot\bin\msvcp140.dll
0x00007ffc90560000 - 0x00007ffc911cb000 	C:\Program Files\Eclipse Adoptium\jdk-17.0.18.8-hotspot\bin\server\jvm.dll
0x00007ffd3c7a0000 - 0x00007ffd3c85b000 	C:\WINDOWS\System32\ADVAPI32.dll
0x00007ffd3c3a0000 - 0x00007ffd3c447000 	C:\WINDOWS\System32\sechost.dll
0x00007ffd3ccf0000 - 0x00007ffd3ce08000 	C:\WINDOWS\System32\RPCRT4.dll
0x00007ffd3d190000 - 0x00007ffd3d204000 	C:\WINDOWS\System32\WS2_32.dll
0x00007ffd3ac20000 - 0x00007ffd3ac7e000 	C:\WINDOWS\SYSTEM32\POWRPROF.dll
0x00007ffd32180000 - 0x00007ffd321b5000 	C:\WINDOWS\SYSTEM32\WINMM.dll
0x00007ffd321c0000 - 0x00007ffd321cb000 	C:\WINDOWS\SYSTEM32\VERSION.dll
0x00007ffd3ac00000 - 0x00007ffd3ac14000 	C:\WINDOWS\SYSTEM32\UMPDC.dll
0x00007ffd39b50000 - 0x00007ffd39b6b000 	C:\WINDOWS\SYSTEM32\kernel.appcore.dll
0x00007ffd1c5a0000 - 0x00007ffd1c5aa000 	C:\Program Files\Eclipse Adoptium\jdk-17.0.18.8-hotspot\bin\jimage.dll
0x00007ffd38d90000 - 0x00007ffd38fd2000 	C:\WINDOWS\SYSTEM32\DBGHELP.DLL
0x00007ffd3e0d0000 - 0x00007ffd3e452000 	C:\WINDOWS\System32\combase.dll
0x00007ffd3d2c0000 - 0x00007ffd3d397000 	C:\WINDOWS\System32\OLEAUT32.dll
0x00007ffd29600000 - 0x00007ffd2963b000 	C:\WINDOWS\SYSTEM32\dbgcore.DLL
0x00007ffd3bd80000 - 0x00007ffd3be25000 	C:\WINDOWS\System32\bcryptPrimitives.dll
0x00007ffd0b150000 - 0x00007ffd0b15e000 	C:\Program Files\Eclipse Adoptium\jdk-17.0.18.8-hotspot\bin\instrument.dll
0x00007ffcc8ee0000 - 0x00007ffcc8f05000 	C:\Program Files\Eclipse Adoptium\jdk-17.0.18.8-hotspot\bin\java.dll
0x00007ffc9cb90000 - 0x00007ffc9cc67000 	C:\Program Files\Eclipse Adoptium\jdk-17.0.18.8-hotspot\bin\jsvml.dll
0x00007ffd3d750000 - 0x00007ffd3deaf000 	C:\WINDOWS\System32\SHELL32.dll
0x00007ffd3bfe0000 - 0x00007ffd3c14a000 	C:\WINDOWS\System32\wintypes.dll
0x00007ffd3b1c0000 - 0x00007ffd3ba24000 	C:\WINDOWS\System32\windows.storage.dll
0x00007ffd3dec0000 - 0x00007ffd3dfb7000 	C:\WINDOWS\System32\SHCORE.dll
0x00007ffd3d250000 - 0x00007ffd3d2b7000 	C:\WINDOWS\System32\shlwapi.dll
0x00007ffd3ace0000 - 0x00007ffd3ad09000 	C:\WINDOWS\SYSTEM32\profapi.dll
0x00007ffce4810000 - 0x00007ffce4828000 	C:\Program Files\Eclipse Adoptium\jdk-17.0.18.8-hotspot\bin\zip.dll
0x00007ffd01fa0000 - 0x00007ffd01fba000 	C:\Program Files\Eclipse Adoptium\jdk-17.0.18.8-hotspot\bin\net.dll
0x00007ffd33f80000 - 0x00007ffd340a7000 	C:\WINDOWS\SYSTEM32\WINHTTP.dll
0x00007ffd3a0c0000 - 0x00007ffd3a12b000 	C:\WINDOWS\system32\mswsock.dll
0x00007ffce8cd0000 - 0x00007ffce8ce6000 	C:\Program Files\Eclipse Adoptium\jdk-17.0.18.8-hotspot\bin\nio.dll
0x00007ffce23f0000 - 0x00007ffce240a000 	C:\Program Files\JetBrains\IntelliJ IDEA Community Edition 2021.3.2\bin\breakgen64.dll
0x00007ffd0b4f0000 - 0x00007ffd0b4f9000 	C:\Program Files\Eclipse Adoptium\jdk-17.0.18.8-hotspot\bin\extnet.dll
0x00007ffd12910000 - 0x00007ffd1291a000 	C:\Program Files\Eclipse Adoptium\jdk-17.0.18.8-hotspot\bin\management.dll
0x00007ffd128b0000 - 0x00007ffd128bc000 	C:\Program Files\Eclipse Adoptium\jdk-17.0.18.8-hotspot\bin\management_ext.dll
0x00007ffd3e460000 - 0x00007ffd3e468000 	C:\WINDOWS\System32\PSAPI.DLL
0x00007ffd1ddb0000 - 0x00007ffd1ddbe000 	C:\Program Files\Eclipse Adoptium\jdk-17.0.18.8-hotspot\bin\sunmscapi.dll
0x00007ffd3be60000 - 0x00007ffd3bfd7000 	C:\WINDOWS\System32\CRYPT32.dll
0x00007ffd3a5c0000 - 0x00007ffd3a5f0000 	C:\WINDOWS\SYSTEM32\ncrypt.dll
0x00007ffd3a570000 - 0x00007ffd3a5af000 	C:\WINDOWS\SYSTEM32\NTASN1.dll

dbghelp: loaded successfully - version: 4.0.5 - missing functions: none
symbol engine: initialized successfully - sym options: 0x614 - pdb path: .;C:\Program Files\Eclipse Adoptium\jdk-17.0.18.8-hotspot\bin;C:\WINDOWS\SYSTEM32;C:\WINDOWS\WinSxS\amd64_microsoft.windows.common-controls_6595b64144ccf1df_6.0.26100.8037_none_3e092faae333b53b;C:\Program Files\Eclipse Adoptium\jdk-17.0.18.8-hotspot\bin\server;C:\Program Files\JetBrains\IntelliJ IDEA Community Edition 2021.3.2\bin

VM Arguments:
jvm_args: -javaagent:C:\Program Files\JetBrains\IntelliJ IDEA Community Edition 2021.3.2\lib\idea_rt.jar=51968:C:\Program Files\JetBrains\IntelliJ IDEA Community Edition 2021.3.2\bin -Dfile.encoding=UTF-8 
java_command: com.webproj.ecom.proj.Application
java_class_path (initial): D:\Projects\ecom.proj\ecom.proj\target\classes;C:\Users\nraje\.m2\repository\org\springframework\boot\spring-boot-starter-data-jpa\3.5.11\spring-boot-starter-data-jpa-3.5.11.jar;C:\Users\nraje\.m2\repository\org\springframework\boot\spring-boot-starter\3.5.11\spring-boot-starter-3.5.11.jar;C:\Users\nraje\.m2\repository\org\springframework\boot\spring-boot-starter-logging\3.5.11\spring-boot-starter-logging-3.5.11.jar;C:\Users\nraje\.m2\repository\ch\qos\logback\logback-classic\1.5.32\logback-classic-1.5.32.jar;C:\Users\nraje\.m2\repository\ch\qos\logback\logback-core\1.5.32\logback-core-1.5.32.jar;C:\Users\nraje\.m2\repository\org\apache\logging\log4j\log4j-to-slf4j\2.24.3\log4j-to-slf4j-2.24.3.jar;C:\Users\nraje\.m2\repository\org\apache\logging\log4j\log4j-api\2.24.3\log4j-api-2.24.3.jar;C:\Users\nraje\.m2\repository\org\slf4j\jul-to-slf4j\2.0.17\jul-to-slf4j-2.0.17.jar;C:\Users\nraje\.m2\repository\jakarta\annotation\jakarta.annotation-api\2.1.1\jakarta.annotation-api-2.1.1.jar;C:\Users\nraje\.m2\repository\org\yaml\snakeyaml\2.4\snakeyaml-2.4.jar;C:\Users\nraje\.m2\repository\org\springframework\boot\spring-boot-starter-jdbc\3.5.11\spring-boot-starter-jdbc-3.5.11.jar;C:\Users\nraje\.m2\repository\com\zaxxer\HikariCP\6.3.3\HikariCP-6.3.3.jar;C:\Users\nraje\.m2\repository\org\springframework\spring-jdbc\6.2.16\spring-jdbc-6.2.16.jar;C:\Users\nraje\.m2\repository\org\hibernate\orm\hibernate-core\6.6.42.Final\hibernate-core-6.6.42.Final.jar;C:\Users\nraje\.m2\repository\jakarta\persistence\jakarta.persistence-api\3.1.0\jakarta.persistence-api-3.1.0.jar;C:\Users\nraje\.m2\repository\jakarta\transaction\jakarta.transaction-api\2.0.1\jakarta.transaction-api-2.0.1.jar;C:\Users\nraje\.m2\repository\org\jboss\logging\jboss-logging\3.6.2.Final\jboss-logging-3.6.2.Final.jar;C:\Users\nraje\.m2\repository\org\hibernate\common\hibernate-commons-annotations\7.0.3.Final\hibernate-commons-annotations-7.0.3.Final.jar;C:\Users\nraje\.m2\repository\io\sma
Launcher Type: SUN_STANDARD

[Global flags]
     intx CICompilerCount                          = 4                                         {product} {ergonomic}
     uint ConcGCThreads                            = 3                                         {product} {ergonomic}
     uint G1ConcRefinementThreads                  = 10                                        {product} {ergonomic}
   size_t G1HeapRegionSize                         = 1048576                                   {product} {ergonomic}
    uintx GCDrainStackTargetSize                   = 64                                        {product} {ergonomic}
   size_t InitialHeapSize                          = 98566144                                  {product} {ergonomic}
   size_t MarkStackSize                            = 4194304                                   {product} {ergonomic}
   size_t MaxHeapSize                              = 1570766848                                {product} {ergonomic}
   size_t MaxNewSize                               = 941621248                                 {product} {ergonomic}
   size_t MinHeapDeltaBytes                        = 1048576                                   {product} {ergonomic}
   size_t MinHeapSize                              = 8388608                                   {product} {ergonomic}
    uintx NonNMethodCodeHeapSize                   = 5839372                                {pd product} {ergonomic}
    uintx NonProfiledCodeHeapSize                  = 122909434                              {pd product} {ergonomic}
    uintx ProfiledCodeHeapSize                     = 122909434                              {pd product} {ergonomic}
    uintx ReservedCodeCacheSize                    = 251658240                              {pd product} {ergonomic}
     bool SegmentedCodeCache                       = true                                      {product} {ergonomic}
   size_t SoftMaxHeapSize                          = 1570766848                             {manageable} {ergonomic}
     bool UseCompressedClassPointers               = true                           {product lp64_product} {ergonomic}
     bool UseCompressedOops                        = true                           {product lp64_product} {ergonomic}
     bool UseG1GC                                  = true                                      {product} {ergonomic}
     bool UseLargePagesIndividualAllocation        = false                                  {pd product} {ergonomic}

Logging:
Log output configuration:
 #0: stdout all=warning uptime,level,tags
 #1: stderr all=off uptime,level,tags

Environment Variables:
PATH=C:\Program Files\Eclipse Adoptium\jdk-17.0.18.8-hotspot\bin;C:\Program Files\Java\jdk-23\bin;C:\oraclexe\app\oracle\product\11.2.0\server\bin;C:\WINDOWS\system32;C:\WINDOWS;C:\WINDOWS\System32\Wbem;C:\WINDOWS\System32\WindowsPowerShell\v1.0\;C:\WINDOWS\System32\OpenSSH\;C:\Users\nraje\AppData\Local\Microsoft\WindowsApps\python.exe;C:\Users\nraje\AppData\Local\Microsoft\WindowsApps\;C:\Program Files\nodejs\;C:\Users\nraje\AppData\Local\Programs\Microsoft VS Code;C:\Users\nraje\AppData\Local\Pub\Cache\bin;C:\Program Files\dotnet\;C:\Program Files\Git\cmd;C:\Program Files\MySQL\MySQL Shell 8.0\bin\;C:\Users\nraje\AppData\Local\Microsoft\WindowsApps;C:\Users\nraje\AppData\Local\Programs\Microsoft VS Code\bin;C:\Users\nraje\AppData\Roaming\npm;C:\Users\nraje\Downloads\flutter_windows_3.27.1-stable\flutter\bin;C:\Users\nraje\AppData\Local\Pub\Cache\bin;C:\Users\nraje\AppData\Local\Android\Sdk\platform-tools;C:\Users\nraje\.dotnet\tools;C:\Program Files\Java\jdk-23\bin;
USERNAME=nraje
OS=Windows_NT
PROCESSOR_IDENTIFIER=AMD64 Family 23 Model 104 Stepping 1, AuthenticAMD
TMP=C:\Users\nraje\AppData\Local\Temp
TEMP=C:\Users\nraje\AppData\Local\Temp



Periodic native trim disabled


---------------  S Y S T E M  ---------------

OS:
 Windows 11 , 64 bit Build 26100 (10.0.26100.7920)
OS uptime: 1 days 2:41 hours

CPU: total 12 (initial active 12) (12 cores per cpu, 2 threads per core) family 23 model 104 stepping 1 microcode 0x8608109, cx8, cmov, fxsr, ht, mmx, 3dnowpref, sse, sse2, sse3, ssse3, sse4a, sse4.1, sse4.2, popcnt, lzcnt, tsc, tscinvbit, avx, avx2, aes, clmul, bmi1, bmi2, adx, sha, fma, vzeroupper, clflush, clflushopt
Processor Information for processor 0
  Max Mhz: 2100, Current Mhz: 2100, Mhz Limit: 2100
Processor Information for processor 1
  Max Mhz: 2100, Current Mhz: 1700, Mhz Limit: 2100
Processor Information for processor 2
  Max Mhz: 2100, Current Mhz: 2100, Mhz Limit: 2100
Processor Information for processor 3
  Max Mhz: 2100, Current Mhz: 1700, Mhz Limit: 2100
Processor Information for processor 4
  Max Mhz: 2100, Current Mhz: 2100, Mhz Limit: 2100
Processor Information for processor 5
  Max Mhz: 2100, Current Mhz: 2100, Mhz Limit: 2100
Processor Information for processor 6
  Max Mhz: 2100, Current Mhz: 1700, Mhz Limit: 2100
Processor Information for processor 7
  Max Mhz: 2100, Current Mhz: 2100, Mhz Limit: 2100
Processor Information for processor 8
  Max Mhz: 2100, Current Mhz: 1700, Mhz Limit: 2100
Processor Information for processor 9
  Max Mhz: 2100, Current Mhz: 2100, Mhz Limit: 2100
Processor Information for processor 10
  Max Mhz: 2100, Current Mhz: 2100, Mhz Limit: 2100
Processor Information for processor 11
  Max Mhz: 2100, Current Mhz: 2100, Mhz Limit: 2100

Memory: 4k page, system-wide physical 5989M (1022M free)
TotalPageFile size 20989M (AvailPageFile size 1187M)
current process WorkingSet (physical memory assigned to process): 56M, peak: 143M
current process commit charge ("private bytes"): 202M, peak: 238M

vm_info: OpenJDK 64-Bit Server VM (17.0.18+8) for windows-amd64 JRE (17.0.18+8), built on Jan 20 2026 22:28:22 by "admin" with MS VC++ 17.12 (VS2022)

END.
